<?xml version="1.0" encoding="UTF-8"?>
<testsuite xmlns:xsi="http://www.w3.org/2001/XMLSchema-instance" xsi:noNamespaceSchemaLocation="https://maven.apache.org/surefire/maven-surefire-plugin/xsd/surefire-test-report.xsd" name="the.atomicity.JdbcRepositoryTest" time="0.493" tests="1" errors="0" skipped="0" failures="0">
  <properties>
    <property name="gopherProxySet" value="false"/>
    <property name="awt.toolkit" value="sun.lwawt.macosx.LWCToolkit"/>
    <property name="java.specification.version" value="11"/>
    <property name="sun.cpu.isalist" value=""/>
    <property name="sun.jnu.encoding" value="UTF-8"/>
    <property name="java.class.path" value="/Users/erwanjouan/Development/github/tagcrawler/target/test-classes:/Users/erwanjouan/Development/github/tagcrawler/target/classes:/Users/erwanjouan/.m2/repository/junit/junit/4.11/junit-4.11.jar:/Users/erwanjouan/.m2/repository/org/hamcrest/hamcrest-core/1.3/hamcrest-core-1.3.jar:/Users/erwanjouan/.m2/repository/org/apache/tika/tika-core/1.17/tika-core-1.17.jar:/Users/erwanjouan/.m2/repository/org/apache/tika/tika-parsers/1.17/tika-parsers-1.17.jar:/Users/erwanjouan/.m2/repository/org/gagravarr/vorbis-java-tika/0.8/vorbis-java-tika-0.8.jar:/Users/erwanjouan/.m2/repository/com/healthmarketscience/jackcess/jackcess/2.1.8/jackcess-2.1.8.jar:/Users/erwanjouan/.m2/repository/commons-lang/commons-lang/2.6/commons-lang-2.6.jar:/Users/erwanjouan/.m2/repository/com/healthmarketscience/jackcess/jackcess-encrypt/2.1.2/jackcess-encrypt-2.1.2.jar:/Users/erwanjouan/.m2/repository/org/tallison/jmatio/1.2/jmatio-1.2.jar:/Users/erwanjouan/.m2/repository/org/apache/james/apache-mime4j-core/0.8.1/apache-mime4j-core-0.8.1.jar:/Users/erwanjouan/.m2/repository/org/apache/james/apache-mime4j-dom/0.8.1/apache-mime4j-dom-0.8.1.jar:/Users/erwanjouan/.m2/repository/org/apache/commons/commons-compress/1.14/commons-compress-1.14.jar:/Users/erwanjouan/.m2/repository/org/tukaani/xz/1.6/xz-1.6.jar:/Users/erwanjouan/.m2/repository/commons-codec/commons-codec/1.10/commons-codec-1.10.jar:/Users/erwanjouan/.m2/repository/org/apache/pdfbox/pdfbox/2.0.8/pdfbox-2.0.8.jar:/Users/erwanjouan/.m2/repository/org/apache/pdfbox/fontbox/2.0.8/fontbox-2.0.8.jar:/Users/erwanjouan/.m2/repository/org/apache/pdfbox/pdfbox-tools/2.0.8/pdfbox-tools-2.0.8.jar:/Users/erwanjouan/.m2/repository/org/apache/pdfbox/jempbox/1.8.13/jempbox-1.8.13.jar:/Users/erwanjouan/.m2/repository/org/bouncycastle/bcmail-jdk15on/1.54/bcmail-jdk15on-1.54.jar:/Users/erwanjouan/.m2/repository/org/bouncycastle/bcpkix-jdk15on/1.54/bcpkix-jdk15on-1.54.jar:/Users/erwanjouan/.m2/repository/org/bouncycastle/bcprov-jdk15on/1.54/bcprov-jdk15on-1.54.jar:/Users/erwanjouan/.m2/repository/org/apache/poi/poi/3.17/poi-3.17.jar:/Users/erwanjouan/.m2/repository/org/apache/commons/commons-collections4/4.1/commons-collections4-4.1.jar:/Users/erwanjouan/.m2/repository/org/apache/poi/poi-scratchpad/3.17/poi-scratchpad-3.17.jar:/Users/erwanjouan/.m2/repository/org/apache/poi/poi-ooxml/3.17/poi-ooxml-3.17.jar:/Users/erwanjouan/.m2/repository/org/apache/poi/poi-ooxml-schemas/3.17/poi-ooxml-schemas-3.17.jar:/Users/erwanjouan/.m2/repository/org/apache/xmlbeans/xmlbeans/2.6.0/xmlbeans-2.6.0.jar:/Users/erwanjouan/.m2/repository/com/github/virtuald/curvesapi/1.04/curvesapi-1.04.jar:/Users/erwanjouan/.m2/repository/org/ccil/cowan/tagsoup/tagsoup/1.2.1/tagsoup-1.2.1.jar:/Users/erwanjouan/.m2/repository/org/ow2/asm/asm/5.0.4/asm-5.0.4.jar:/Users/erwanjouan/.m2/repository/com/googlecode/mp4parser/isoparser/1.1.18/isoparser-1.1.18.jar:/Users/erwanjouan/.m2/repository/de/l3s/boilerpipe/boilerpipe/1.1.0/boilerpipe-1.1.0.jar:/Users/erwanjouan/.m2/repository/com/rometools/rome/1.5.1/rome-1.5.1.jar:/Users/erwanjouan/.m2/repository/com/rometools/rome-utils/1.5.1/rome-utils-1.5.1.jar:/Users/erwanjouan/.m2/repository/org/gagravarr/vorbis-java-core/0.8/vorbis-java-core-0.8.jar:/Users/erwanjouan/.m2/repository/com/googlecode/juniversalchardet/juniversalchardet/1.0.3/juniversalchardet-1.0.3.jar:/Users/erwanjouan/.m2/repository/org/codelibs/jhighlight/1.0.2/jhighlight-1.0.2.jar:/Users/erwanjouan/.m2/repository/com/pff/java-libpst/0.8.1/java-libpst-0.8.1.jar:/Users/erwanjouan/.m2/repository/com/github/junrar/junrar/0.7/junrar-0.7.jar:/Users/erwanjouan/.m2/repository/org/apache/cxf/cxf-rt-rs-client/3.0.16/cxf-rt-rs-client-3.0.16.jar:/Users/erwanjouan/.m2/repository/org/apache/cxf/cxf-rt-transports-http/3.0.16/cxf-rt-transports-http-3.0.16.jar:/Users/erwanjouan/.m2/repository/org/apache/cxf/cxf-core/3.0.16/cxf-core-3.0.16.jar:/Users/erwanjouan/.m2/repository/org/codehaus/woodstox/woodstox-core-asl/4.4.1/woodstox-core-asl-4.4.1.jar:/Users/erwanjouan/.m2/repository/org/codehaus/woodstox/stax2-api/3.1.4/stax2-api-3.1.4.jar:/Users/erwanjouan/.m2/repository/org/apache/ws/xmlschema/xmlschema-core/2.2.2/xmlschema-core-2.2.2.jar:/Users/erwanjouan/.m2/repository/org/apache/cxf/cxf-rt-frontend-jaxrs/3.0.16/cxf-rt-frontend-jaxrs-3.0.16.jar:/Users/erwanjouan/.m2/repository/javax/ws/rs/javax.ws.rs-api/2.0.1/javax.ws.rs-api-2.0.1.jar:/Users/erwanjouan/.m2/repository/javax/annotation/javax.annotation-api/1.2/javax.annotation-api-1.2.jar:/Users/erwanjouan/.m2/repository/org/apache/commons/commons-exec/1.3/commons-exec-1.3.jar:/Users/erwanjouan/.m2/repository/org/apache/opennlp/opennlp-tools/1.8.3/opennlp-tools-1.8.3.jar:/Users/erwanjouan/.m2/repository/commons-io/commons-io/2.5/commons-io-2.5.jar:/Users/erwanjouan/.m2/repository/com/googlecode/json-simple/json-simple/1.1.1/json-simple-1.1.1.jar:/Users/erwanjouan/.m2/repository/com/tdunning/json/1.8/json-1.8.jar:/Users/erwanjouan/.m2/repository/com/google/code/gson/gson/2.8.1/gson-2.8.1.jar:/Users/erwanjouan/.m2/repository/org/slf4j/slf4j-api/1.7.24/slf4j-api-1.7.24.jar:/Users/erwanjouan/.m2/repository/org/slf4j/jul-to-slf4j/1.7.24/jul-to-slf4j-1.7.24.jar:/Users/erwanjouan/.m2/repository/org/slf4j/jcl-over-slf4j/1.7.24/jcl-over-slf4j-1.7.24.jar:/Users/erwanjouan/.m2/repository/edu/ucar/netcdf4/4.5.5/netcdf4-4.5.5.jar:/Users/erwanjouan/.m2/repository/net/jcip/jcip-annotations/1.0/jcip-annotations-1.0.jar:/Users/erwanjouan/.m2/repository/net/java/dev/jna/jna/4.1.0/jna-4.1.0.jar:/Users/erwanjouan/.m2/repository/edu/ucar/grib/4.5.5/grib-4.5.5.jar:/Users/erwanjouan/.m2/repository/com/google/protobuf/protobuf-java/2.5.0/protobuf-java-2.5.0.jar:/Users/erwanjouan/.m2/repository/org/jdom/jdom2/2.0.4/jdom2-2.0.4.jar:/Users/erwanjouan/.m2/repository/org/jsoup/jsoup/1.7.2/jsoup-1.7.2.jar:/Users/erwanjouan/.m2/repository/org/itadaki/bzip2/0.9.1/bzip2-0.9.1.jar:/Users/erwanjouan/.m2/repository/edu/ucar/cdm/4.5.5/cdm-4.5.5.jar:/Users/erwanjouan/.m2/repository/edu/ucar/udunits/4.5.5/udunits-4.5.5.jar:/Users/erwanjouan/.m2/repository/joda-time/joda-time/2.2/joda-time-2.2.jar:/Users/erwanjouan/.m2/repository/org/quartz-scheduler/quartz/2.2.0/quartz-2.2.0.jar:/Users/erwanjouan/.m2/repository/c3p0/c3p0/0.9.1.1/c3p0-0.9.1.1.jar:/Users/erwanjouan/.m2/repository/net/sf/ehcache/ehcache-core/2.6.2/ehcache-core-2.6.2.jar:/Users/erwanjouan/.m2/repository/com/google/guava/guava/17.0/guava-17.0.jar:/Users/erwanjouan/.m2/repository/com/beust/jcommander/1.35/jcommander-1.35.jar:/Users/erwanjouan/.m2/repository/edu/ucar/httpservices/4.5.5/httpservices-4.5.5.jar:/Users/erwanjouan/.m2/repository/org/apache/httpcomponents/httpclient/4.5.4/httpclient-4.5.4.jar:/Users/erwanjouan/.m2/repository/org/apache/httpcomponents/httpmime/4.5.4/httpmime-4.5.4.jar:/Users/erwanjouan/.m2/repository/org/apache/commons/commons-csv/1.0/commons-csv-1.0.jar:/Users/erwanjouan/.m2/repository/org/apache/sis/core/sis-utility/0.6/sis-utility-0.6.jar:/Users/erwanjouan/.m2/repository/org/apache/sis/storage/sis-netcdf/0.6/sis-netcdf-0.6.jar:/Users/erwanjouan/.m2/repository/org/apache/sis/storage/sis-storage/0.6/sis-storage-0.6.jar:/Users/erwanjouan/.m2/repository/org/apache/sis/core/sis-referencing/0.6/sis-referencing-0.6.jar:/Users/erwanjouan/.m2/repository/org/apache/sis/core/sis-metadata/0.6/sis-metadata-0.6.jar:/Users/erwanjouan/.m2/repository/org/opengis/geoapi/3.0.0/geoapi-3.0.0.jar:/Users/erwanjouan/.m2/repository/javax/measure/jsr-275/0.9.3/jsr-275-0.9.3.jar:/Users/erwanjouan/.m2/repository/edu/usc/ir/sentiment-analysis-parser/0.1/sentiment-analysis-parser-0.1.jar:/Users/erwanjouan/.m2/repository/com/drewnoakes/metadata-extractor/2.15.0/metadata-extractor-2.15.0.jar:/Users/erwanjouan/.m2/repository/com/adobe/xmp/xmpcore/6.0.6/xmpcore-6.0.6.jar:/Users/erwanjouan/.m2/repository/org/apache/httpcomponents/httpcore/4.4.12/httpcore-4.4.12.jar:/Users/erwanjouan/.m2/repository/ch/qos/logback/logback-classic/1.2.3/logback-classic-1.2.3.jar:/Users/erwanjouan/.m2/repository/ch/qos/logback/logback-core/1.2.3/logback-core-1.2.3.jar:/Users/erwanjouan/.m2/repository/com/fasterxml/jackson/core/jackson-databind/2.12.1/jackson-databind-2.12.1.jar:/Users/erwanjouan/.m2/repository/com/fasterxml/jackson/core/jackson-annotations/2.12.1/jackson-annotations-2.12.1.jar:/Users/erwanjouan/.m2/repository/com/fasterxml/jackson/core/jackson-core/2.12.1/jackson-core-2.12.1.jar:/Users/erwanjouan/.m2/repository/org/junit/jupiter/junit-jupiter-api/5.3.2/junit-jupiter-api-5.3.2.jar:/Users/erwanjouan/.m2/repository/org/apiguardian/apiguardian-api/1.0.0/apiguardian-api-1.0.0.jar:/Users/erwanjouan/.m2/repository/org/opentest4j/opentest4j/1.1.1/opentest4j-1.1.1.jar:/Users/erwanjouan/.m2/repository/org/junit/platform/junit-platform-commons/1.3.2/junit-platform-commons-1.3.2.jar:/Users/erwanjouan/.m2/repository/org/junit/jupiter/junit-jupiter-engine/5.3.2/junit-jupiter-engine-5.3.2.jar:/Users/erwanjouan/.m2/repository/org/junit/platform/junit-platform-engine/1.3.2/junit-platform-engine-1.3.2.jar:/Users/erwanjouan/.m2/repository/org/postgresql/postgresql/42.2.19/postgresql-42.2.19.jar:/Users/erwanjouan/.m2/repository/org/checkerframework/checker-qual/3.5.0/checker-qual-3.5.0.jar:/Users/erwanjouan/.m2/repository/com/zaxxer/HikariCP/3.4.5/HikariCP-3.4.5.jar:/Users/erwanjouan/.m2/repository/commons-cli/commons-cli/1.4/commons-cli-1.4.jar:"/>
    <property name="java.vm.vendor" value="Oracle Corporation"/>
    <property name="sun.arch.data.model" value="64"/>
    <property name="java.vendor.url" value="http://java.oracle.com/"/>
    <property name="user.timezone" value=""/>
    <property name="java.vm.specification.version" value="11"/>
    <property name="os.name" value="Mac OS X"/>
    <property name="sun.java.launcher" value="SUN_STANDARD"/>
    <property name="user.country" value="FR"/>
    <property name="sun.boot.library.path" value="/Library/Java/JavaVirtualMachines/openjdk-11.0.2.jdk/Contents/Home/lib"/>
    <property name="sun.java.command" value="/Users/erwanjouan/Development/github/tagcrawler/target/surefire/surefirebooter16976886124399484414.jar /Users/erwanjouan/Development/github/tagcrawler/target/surefire 2021-07-24T19-04-56_589-jvmRun1 surefire4973700222003494492tmp surefire_014397973095412423596tmp"/>
    <property name="http.nonProxyHosts" value="local|*.local|169.254/16|*.169.254/16"/>
    <property name="jdk.debug" value="release"/>
    <property name="surefire.test.class.path" value="/Users/erwanjouan/Development/github/tagcrawler/target/test-classes:/Users/erwanjouan/Development/github/tagcrawler/target/classes:/Users/erwanjouan/.m2/repository/junit/junit/4.11/junit-4.11.jar:/Users/erwanjouan/.m2/repository/org/hamcrest/hamcrest-core/1.3/hamcrest-core-1.3.jar:/Users/erwanjouan/.m2/repository/org/apache/tika/tika-core/1.17/tika-core-1.17.jar:/Users/erwanjouan/.m2/repository/org/apache/tika/tika-parsers/1.17/tika-parsers-1.17.jar:/Users/erwanjouan/.m2/repository/org/gagravarr/vorbis-java-tika/0.8/vorbis-java-tika-0.8.jar:/Users/erwanjouan/.m2/repository/com/healthmarketscience/jackcess/jackcess/2.1.8/jackcess-2.1.8.jar:/Users/erwanjouan/.m2/repository/commons-lang/commons-lang/2.6/commons-lang-2.6.jar:/Users/erwanjouan/.m2/repository/com/healthmarketscience/jackcess/jackcess-encrypt/2.1.2/jackcess-encrypt-2.1.2.jar:/Users/erwanjouan/.m2/repository/org/tallison/jmatio/1.2/jmatio-1.2.jar:/Users/erwanjouan/.m2/repository/org/apache/james/apache-mime4j-core/0.8.1/apache-mime4j-core-0.8.1.jar:/Users/erwanjouan/.m2/repository/org/apache/james/apache-mime4j-dom/0.8.1/apache-mime4j-dom-0.8.1.jar:/Users/erwanjouan/.m2/repository/org/apache/commons/commons-compress/1.14/commons-compress-1.14.jar:/Users/erwanjouan/.m2/repository/org/tukaani/xz/1.6/xz-1.6.jar:/Users/erwanjouan/.m2/repository/commons-codec/commons-codec/1.10/commons-codec-1.10.jar:/Users/erwanjouan/.m2/repository/org/apache/pdfbox/pdfbox/2.0.8/pdfbox-2.0.8.jar:/Users/erwanjouan/.m2/repository/org/apache/pdfbox/fontbox/2.0.8/fontbox-2.0.8.jar:/Users/erwanjouan/.m2/repository/org/apache/pdfbox/pdfbox-tools/2.0.8/pdfbox-tools-2.0.8.jar:/Users/erwanjouan/.m2/repository/org/apache/pdfbox/jempbox/1.8.13/jempbox-1.8.13.jar:/Users/erwanjouan/.m2/repository/org/bouncycastle/bcmail-jdk15on/1.54/bcmail-jdk15on-1.54.jar:/Users/erwanjouan/.m2/repository/org/bouncycastle/bcpkix-jdk15on/1.54/bcpkix-jdk15on-1.54.jar:/Users/erwanjouan/.m2/repository/org/bouncycastle/bcprov-jdk15on/1.54/bcprov-jdk15on-1.54.jar:/Users/erwanjouan/.m2/repository/org/apache/poi/poi/3.17/poi-3.17.jar:/Users/erwanjouan/.m2/repository/org/apache/commons/commons-collections4/4.1/commons-collections4-4.1.jar:/Users/erwanjouan/.m2/repository/org/apache/poi/poi-scratchpad/3.17/poi-scratchpad-3.17.jar:/Users/erwanjouan/.m2/repository/org/apache/poi/poi-ooxml/3.17/poi-ooxml-3.17.jar:/Users/erwanjouan/.m2/repository/org/apache/poi/poi-ooxml-schemas/3.17/poi-ooxml-schemas-3.17.jar:/Users/erwanjouan/.m2/repository/org/apache/xmlbeans/xmlbeans/2.6.0/xmlbeans-2.6.0.jar:/Users/erwanjouan/.m2/repository/com/github/virtuald/curvesapi/1.04/curvesapi-1.04.jar:/Users/erwanjouan/.m2/repository/org/ccil/cowan/tagsoup/tagsoup/1.2.1/tagsoup-1.2.1.jar:/Users/erwanjouan/.m2/repository/org/ow2/asm/asm/5.0.4/asm-5.0.4.jar:/Users/erwanjouan/.m2/repository/com/googlecode/mp4parser/isoparser/1.1.18/isoparser-1.1.18.jar:/Users/erwanjouan/.m2/repository/de/l3s/boilerpipe/boilerpipe/1.1.0/boilerpipe-1.1.0.jar:/Users/erwanjouan/.m2/repository/com/rometools/rome/1.5.1/rome-1.5.1.jar:/Users/erwanjouan/.m2/repository/com/rometools/rome-utils/1.5.1/rome-utils-1.5.1.jar:/Users/erwanjouan/.m2/repository/org/gagravarr/vorbis-java-core/0.8/vorbis-java-core-0.8.jar:/Users/erwanjouan/.m2/repository/com/googlecode/juniversalchardet/juniversalchardet/1.0.3/juniversalchardet-1.0.3.jar:/Users/erwanjouan/.m2/repository/org/codelibs/jhighlight/1.0.2/jhighlight-1.0.2.jar:/Users/erwanjouan/.m2/repository/com/pff/java-libpst/0.8.1/java-libpst-0.8.1.jar:/Users/erwanjouan/.m2/repository/com/github/junrar/junrar/0.7/junrar-0.7.jar:/Users/erwanjouan/.m2/repository/org/apache/cxf/cxf-rt-rs-client/3.0.16/cxf-rt-rs-client-3.0.16.jar:/Users/erwanjouan/.m2/repository/org/apache/cxf/cxf-rt-transports-http/3.0.16/cxf-rt-transports-http-3.0.16.jar:/Users/erwanjouan/.m2/repository/org/apache/cxf/cxf-core/3.0.16/cxf-core-3.0.16.jar:/Users/erwanjouan/.m2/repository/org/codehaus/woodstox/woodstox-core-asl/4.4.1/woodstox-core-asl-4.4.1.jar:/Users/erwanjouan/.m2/repository/org/codehaus/woodstox/stax2-api/3.1.4/stax2-api-3.1.4.jar:/Users/erwanjouan/.m2/repository/org/apache/ws/xmlschema/xmlschema-core/2.2.2/xmlschema-core-2.2.2.jar:/Users/erwanjouan/.m2/repository/org/apache/cxf/cxf-rt-frontend-jaxrs/3.0.16/cxf-rt-frontend-jaxrs-3.0.16.jar:/Users/erwanjouan/.m2/repository/javax/ws/rs/javax.ws.rs-api/2.0.1/javax.ws.rs-api-2.0.1.jar:/Users/erwanjouan/.m2/repository/javax/annotation/javax.annotation-api/1.2/javax.annotation-api-1.2.jar:/Users/erwanjouan/.m2/repository/org/apache/commons/commons-exec/1.3/commons-exec-1.3.jar:/Users/erwanjouan/.m2/repository/org/apache/opennlp/opennlp-tools/1.8.3/opennlp-tools-1.8.3.jar:/Users/erwanjouan/.m2/repository/commons-io/commons-io/2.5/commons-io-2.5.jar:/Users/erwanjouan/.m2/repository/com/googlecode/json-simple/json-simple/1.1.1/json-simple-1.1.1.jar:/Users/erwanjouan/.m2/repository/com/tdunning/json/1.8/json-1.8.jar:/Users/erwanjouan/.m2/repository/com/google/code/gson/gson/2.8.1/gson-2.8.1.jar:/Users/erwanjouan/.m2/repository/org/slf4j/slf4j-api/1.7.24/slf4j-api-1.7.24.jar:/Users/erwanjouan/.m2/repository/org/slf4j/jul-to-slf4j/1.7.24/jul-to-slf4j-1.7.24.jar:/Users/erwanjouan/.m2/repository/org/slf4j/jcl-over-slf4j/1.7.24/jcl-over-slf4j-1.7.24.jar:/Users/erwanjouan/.m2/repository/edu/ucar/netcdf4/4.5.5/netcdf4-4.5.5.jar:/Users/erwanjouan/.m2/repository/net/jcip/jcip-annotations/1.0/jcip-annotations-1.0.jar:/Users/erwanjouan/.m2/repository/net/java/dev/jna/jna/4.1.0/jna-4.1.0.jar:/Users/erwanjouan/.m2/repository/edu/ucar/grib/4.5.5/grib-4.5.5.jar:/Users/erwanjouan/.m2/repository/com/google/protobuf/protobuf-java/2.5.0/protobuf-java-2.5.0.jar:/Users/erwanjouan/.m2/repository/org/jdom/jdom2/2.0.4/jdom2-2.0.4.jar:/Users/erwanjouan/.m2/repository/org/jsoup/jsoup/1.7.2/jsoup-1.7.2.jar:/Users/erwanjouan/.m2/repository/org/itadaki/bzip2/0.9.1/bzip2-0.9.1.jar:/Users/erwanjouan/.m2/repository/edu/ucar/cdm/4.5.5/cdm-4.5.5.jar:/Users/erwanjouan/.m2/repository/edu/ucar/udunits/4.5.5/udunits-4.5.5.jar:/Users/erwanjouan/.m2/repository/joda-time/joda-time/2.2/joda-time-2.2.jar:/Users/erwanjouan/.m2/repository/org/quartz-scheduler/quartz/2.2.0/quartz-2.2.0.jar:/Users/erwanjouan/.m2/repository/c3p0/c3p0/0.9.1.1/c3p0-0.9.1.1.jar:/Users/erwanjouan/.m2/repository/net/sf/ehcache/ehcache-core/2.6.2/ehcache-core-2.6.2.jar:/Users/erwanjouan/.m2/repository/com/google/guava/guava/17.0/guava-17.0.jar:/Users/erwanjouan/.m2/repository/com/beust/jcommander/1.35/jcommander-1.35.jar:/Users/erwanjouan/.m2/repository/edu/ucar/httpservices/4.5.5/httpservices-4.5.5.jar:/Users/erwanjouan/.m2/repository/org/apache/httpcomponents/httpclient/4.5.4/httpclient-4.5.4.jar:/Users/erwanjouan/.m2/repository/org/apache/httpcomponents/httpmime/4.5.4/httpmime-4.5.4.jar:/Users/erwanjouan/.m2/repository/org/apache/commons/commons-csv/1.0/commons-csv-1.0.jar:/Users/erwanjouan/.m2/repository/org/apache/sis/core/sis-utility/0.6/sis-utility-0.6.jar:/Users/erwanjouan/.m2/repository/org/apache/sis/storage/sis-netcdf/0.6/sis-netcdf-0.6.jar:/Users/erwanjouan/.m2/repository/org/apache/sis/storage/sis-storage/0.6/sis-storage-0.6.jar:/Users/erwanjouan/.m2/repository/org/apache/sis/core/sis-referencing/0.6/sis-referencing-0.6.jar:/Users/erwanjouan/.m2/repository/org/apache/sis/core/sis-metadata/0.6/sis-metadata-0.6.jar:/Users/erwanjouan/.m2/repository/org/opengis/geoapi/3.0.0/geoapi-3.0.0.jar:/Users/erwanjouan/.m2/repository/javax/measure/jsr-275/0.9.3/jsr-275-0.9.3.jar:/Users/erwanjouan/.m2/repository/edu/usc/ir/sentiment-analysis-parser/0.1/sentiment-analysis-parser-0.1.jar:/Users/erwanjouan/.m2/repository/com/drewnoakes/metadata-extractor/2.15.0/metadata-extractor-2.15.0.jar:/Users/erwanjouan/.m2/repository/com/adobe/xmp/xmpcore/6.0.6/xmpcore-6.0.6.jar:/Users/erwanjouan/.m2/repository/org/apache/httpcomponents/httpcore/4.4.12/httpcore-4.4.12.jar:/Users/erwanjouan/.m2/repository/ch/qos/logback/logback-classic/1.2.3/logback-classic-1.2.3.jar:/Users/erwanjouan/.m2/repository/ch/qos/logback/logback-core/1.2.3/logback-core-1.2.3.jar:/Users/erwanjouan/.m2/repository/com/fasterxml/jackson/core/jackson-databind/2.12.1/jackson-databind-2.12.1.jar:/Users/erwanjouan/.m2/repository/com/fasterxml/jackson/core/jackson-annotations/2.12.1/jackson-annotations-2.12.1.jar:/Users/erwanjouan/.m2/repository/com/fasterxml/jackson/core/jackson-core/2.12.1/jackson-core-2.12.1.jar:/Users/erwanjouan/.m2/repository/org/junit/jupiter/junit-jupiter-api/5.3.2/junit-jupiter-api-5.3.2.jar:/Users/erwanjouan/.m2/repository/org/apiguardian/apiguardian-api/1.0.0/apiguardian-api-1.0.0.jar:/Users/erwanjouan/.m2/repository/org/opentest4j/opentest4j/1.1.1/opentest4j-1.1.1.jar:/Users/erwanjouan/.m2/repository/org/junit/platform/junit-platform-commons/1.3.2/junit-platform-commons-1.3.2.jar:/Users/erwanjouan/.m2/repository/org/junit/jupiter/junit-jupiter-engine/5.3.2/junit-jupiter-engine-5.3.2.jar:/Users/erwanjouan/.m2/repository/org/junit/platform/junit-platform-engine/1.3.2/junit-platform-engine-1.3.2.jar:/Users/erwanjouan/.m2/repository/org/postgresql/postgresql/42.2.19/postgresql-42.2.19.jar:/Users/erwanjouan/.m2/repository/org/checkerframework/checker-qual/3.5.0/checker-qual-3.5.0.jar:/Users/erwanjouan/.m2/repository/com/zaxxer/HikariCP/3.4.5/HikariCP-3.4.5.jar:/Users/erwanjouan/.m2/repository/commons-cli/commons-cli/1.4/commons-cli-1.4.jar:"/>
    <property name="sun.cpu.endian" value="little"/>
    <property name="user.home" value="/Users/erwanjouan"/>
    <property name="user.language" value="fr"/>
    <property name="java.specification.vendor" value="Oracle Corporation"/>
    <property name="java.version.date" value="2019-01-15"/>
    <property name="java.home" value="/Library/Java/JavaVirtualMachines/openjdk-11.0.2.jdk/Contents/Home"/>
    <property name="file.separator" value="/"/>
    <property name="basedir" value="/Users/erwanjouan/Development/github/tagcrawler"/>
    <property name="java.vm.compressedOopsMode" value="Zero based"/>
    <property name="line.separator" value="&#10;"/>
    <property name="java.specification.name" value="Java Platform API Specification"/>
    <property name="java.vm.specification.vendor" value="Oracle Corporation"/>
    <property name="java.awt.graphicsenv" value="sun.awt.CGraphicsEnvironment"/>
    <property name="surefire.real.class.path" value="/Users/erwanjouan/Development/github/tagcrawler/target/surefire/surefirebooter16976886124399484414.jar"/>
    <property name="sun.management.compiler" value="HotSpot 64-Bit Tiered Compilers"/>
    <property name="ftp.nonProxyHosts" value="local|*.local|169.254/16|*.169.254/16"/>
    <property name="java.runtime.version" value="11.0.2+9"/>
    <property name="user.name" value="erwanjouan"/>
    <property name="path.separator" value=":"/>
    <property name="os.version" value="10.16"/>
    <property name="java.runtime.name" value="OpenJDK Runtime Environment"/>
    <property name="file.encoding" value="UTF-8"/>
    <property name="java.vm.name" value="OpenJDK 64-Bit Server VM"/>
    <property name="java.vendor.version" value="18.9"/>
    <property name="localRepository" value="/Users/erwanjouan/.m2/repository"/>
    <property name="java.vendor.url.bug" value="http://bugreport.java.com/bugreport/"/>
    <property name="java.io.tmpdir" value="/var/folders/nz/39nh1ytd19v__55md1jjfcqw0000gn/T/"/>
    <property name="java.version" value="11.0.2"/>
    <property name="user.dir" value="/Users/erwanjouan/Development/github/tagcrawler"/>
    <property name="os.arch" value="x86_64"/>
    <property name="java.vm.specification.name" value="Java Virtual Machine Specification"/>
    <property name="java.awt.printerjob" value="sun.lwawt.macosx.CPrinterJob"/>
    <property name="sun.os.patch.level" value="unknown"/>
    <property name="java.library.path" value="/Users/erwanjouan/Library/Java/Extensions:/Library/Java/Extensions:/Network/Library/Java/Extensions:/System/Library/Java/Extensions:/usr/lib/java:."/>
    <property name="java.vendor" value="Oracle Corporation"/>
    <property name="java.vm.info" value="mixed mode"/>
    <property name="java.vm.version" value="11.0.2+9"/>
    <property name="sun.io.unicode.encoding" value="UnicodeBig"/>
    <property name="java.class.version" value="55.0"/>
    <property name="socksNonProxyHosts" value="local|*.local|169.254/16|*.169.254/16"/>
  </properties>
  <testcase name="jpegParsing" classname="the.atomicity.JdbcRepositoryTest" time="0.491"/>
</testsuite>